<?xml version="1.0" encoding="utf-8"?><testsuites name="pytest tests"><testsuite name="pytest" errors="0" failures="0" skipped="0" tests="19" time="9.819" timestamp="2026-06-05T20:50:53.947391+00:00" hostname="agent-env-b08fc275-e1d2-466b-84a6-97a12dc38b72"><testcase classname="backend.tests.test_settings_users.TestSettings" name="test_get_settings_with_admin_has_defaults" time="0.699" /><testcase classname="backend.tests.test_settings_users.TestSettings" name="test_get_settings_with_guard_works" time="0.476" /><testcase classname="backend.tests.test_settings_users.TestSettings" name="test_put_settings_with_guard_returns_403" time="0.158" /><testcase classname="backend.tests.test_settings_users.TestSettings" name="test_put_settings_admin_updates_all_fields_and_persists" time="0.478" /><testcase classname="backend.tests.test_settings_users.TestSettings" name="test_put_settings_partial_update" time="0.372" /><testcase classname="backend.tests.test_settings_users.TestChangePassword" name="test_change_password_wrong_current_returns_400" time="0.380" /><testcase classname="backend.tests.test_settings_users.TestChangePassword" name="test_change_password_short_new_returns_400" time="0.402" /><testcase classname="backend.tests.test_settings_users.TestChangePassword" name="test_change_password_full_flow_then_revert" time="2.498" /><testcase classname="backend.tests.test_settings_users.TestUsersManagement" name="test_list_users_admin" time="0.130" /><testcase classname="backend.tests.test_settings_users.TestUsersManagement" name="test_list_users_guard_returns_403" time="0.139" /><testcase classname="backend.tests.test_settings_users.TestUsersManagement" name="test_create_user_short_password_400" time="0.110" /><testcase classname="backend.tests.test_settings_users.TestUsersManagement" name="test_create_user_invalid_role_400" time="0.114" /><testcase classname="backend.tests.test_settings_users.TestUsersManagement" name="test_create_user_admin_creates_guard_and_login_works" time="0.909" /><testcase classname="backend.tests.test_settings_users.TestUsersManagement" name="test_create_user_duplicate_username_400" time="0.233" /><testcase classname="backend.tests.test_settings_users.TestUsersManagement" name="test_update_user_name_password_role" time="1.292" /><testcase classname="backend.tests.test_settings_users.TestUsersManagement" name="test_delete_self_400" time="0.474" /><testcase classname="backend.tests.test_settings_users.TestUsersManagement" name="test_delete_other_user_ok" time="0.339" /><testcase classname="backend.tests.test_settings_users.TestRegressionGuards" name="test_guard_cannot_create_user" time="0.113" /><testcase classname="backend.tests.test_settings_users.TestRegressionGuards" name="test_guard_cannot_delete_user" time="0.231" /></testsuite></testsuites>