<?xml version="1.0" encoding="utf-8"?><testsuites name="pytest tests"><testsuite name="pytest" errors="0" failures="0" skipped="0" tests="20" time="7.346" timestamp="2026-06-05T17:47:30.334906+00:00" hostname="agent-env-b08fc275-e1d2-466b-84a6-97a12dc38b72"><testcase classname="backend.tests.test_backend_api.TestAuth" name="test_login_admin_returns_token_and_user" time="0.520" /><testcase classname="backend.tests.test_backend_api.TestAuth" name="test_login_guard_returns_token_and_user" time="0.375" /><testcase classname="backend.tests.test_backend_api.TestAuth" name="test_login_wrong_password_401" time="0.345" /><testcase classname="backend.tests.test_backend_api.TestAuth" name="test_me_admin" time="0.507" /><testcase classname="backend.tests.test_backend_api.TestAuth" name="test_me_guard" time="0.485" /><testcase classname="backend.tests.test_backend_api.TestAuth" name="test_me_without_token_401" time="0.104" /><testcase classname="backend.tests.test_backend_api.TestVisitors" name="test_create_and_list_visitor" time="0.260" /><testcase classname="backend.tests.test_backend_api.TestVisitors" name="test_visitor_filter_mobile_and_purpose" time="0.398" /><testcase classname="backend.tests.test_backend_api.TestContractors" name="test_list_with_admin_and_guard" time="0.250" /><testcase classname="backend.tests.test_backend_api.TestContractors" name="test_create_contractor_admin_only" time="0.661" /><testcase classname="backend.tests.test_backend_api.TestLabours" name="test_create_labour_format_and_contractor_name" time="0.238" /><testcase classname="backend.tests.test_backend_api.TestLabours" name="test_duplicate_aadhaar_rejected" time="0.223" /><testcase classname="backend.tests.test_backend_api.TestLabours" name="test_search_labour" time="0.250" /><testcase classname="backend.tests.test_backend_api.TestLabours" name="test_get_single_labour" time="0.110" /><testcase classname="backend.tests.test_backend_api.TestLabours" name="test_get_labour_404" time="0.137" /><testcase classname="backend.tests.test_backend_api.TestAttendance" name="test_checkout_without_checkin_400" time="0.242" /><testcase classname="backend.tests.test_backend_api.TestAttendance" name="test_checkin_then_inside_then_dup_then_checkout" time="1.503" /><testcase classname="backend.tests.test_backend_api.TestAttendance" name="test_attendance_list_and_filters" time="0.254" /><testcase classname="backend.tests.test_backend_api.TestDashboard" name="test_admin_dashboard_stats" time="0.118" /><testcase classname="backend.tests.test_backend_api.TestDashboard" name="test_guard_dashboard_403" time="0.140" /></testsuite></testsuites>