<?xml version="1.0" encoding="utf-8"?><testsuites name="pytest tests"><testsuite name="pytest" errors="0" failures="0" skipped="0" tests="20" time="6.600" timestamp="2026-06-05T20:51:08.179337+00:00" hostname="agent-env-b08fc275-e1d2-466b-84a6-97a12dc38b72"><testcase classname="backend.tests.test_backend_api.TestAuth" name="test_login_admin_returns_token_and_user" time="0.348" /><testcase classname="backend.tests.test_backend_api.TestAuth" name="test_login_guard_returns_token_and_user" time="0.355" /><testcase classname="backend.tests.test_backend_api.TestAuth" name="test_login_wrong_password_401" time="0.349" /><testcase classname="backend.tests.test_backend_api.TestAuth" name="test_me_admin" time="0.452" /><testcase classname="backend.tests.test_backend_api.TestAuth" name="test_me_guard" time="0.444" /><testcase classname="backend.tests.test_backend_api.TestAuth" name="test_me_without_token_401" time="0.115" /><testcase classname="backend.tests.test_backend_api.TestVisitors" name="test_create_and_list_visitor" time="0.235" /><testcase classname="backend.tests.test_backend_api.TestVisitors" name="test_visitor_filter_mobile_and_purpose" time="0.345" /><testcase classname="backend.tests.test_backend_api.TestContractors" name="test_list_with_admin_and_guard" time="0.212" /><testcase classname="backend.tests.test_backend_api.TestContractors" name="test_create_contractor_admin_only" time="0.580" /><testcase classname="backend.tests.test_backend_api.TestLabours" name="test_create_labour_format_and_contractor_name" time="0.226" /><testcase classname="backend.tests.test_backend_api.TestLabours" name="test_duplicate_aadhaar_rejected" time="0.251" /><testcase classname="backend.tests.test_backend_api.TestLabours" name="test_search_labour" time="0.220" /><testcase classname="backend.tests.test_backend_api.TestLabours" name="test_get_single_labour" time="0.105" /><testcase classname="backend.tests.test_backend_api.TestLabours" name="test_get_labour_404" time="0.153" /><testcase classname="backend.tests.test_backend_api.TestAttendance" name="test_checkout_without_checkin_400" time="0.216" /><testcase classname="backend.tests.test_backend_api.TestAttendance" name="test_checkin_then_inside_then_dup_then_checkout" time="1.489" /><testcase classname="backend.tests.test_backend_api.TestAttendance" name="test_attendance_list_and_filters" time="0.208" /><testcase classname="backend.tests.test_backend_api.TestDashboard" name="test_admin_dashboard_stats" time="0.107" /><testcase classname="backend.tests.test_backend_api.TestDashboard" name="test_guard_dashboard_403" time="0.116" /></testsuite></testsuites>